<?xml version="1.0" encoding="UTF-8"?>
<!-- Generated by org.testng.reporters.JUnitXMLReporter -->
<testsuite ignored="0" hostname="DESKTOP-1Q9U8II" failures="0" tests="13" name="Test" time="0.129" errors="0" timestamp="2026-03-05T15:54:10 IST">
  <testcase classname="com.runner.Innovationcount" name="login" time="0.012"/>
  <testcase classname="com.runner.Innovationcount" name="login" time="0.001"/>
  <testcase classname="com.runner.Innovationcount" name="login" time="0.002"/>
  <testcase classname="com.runner.Grouping" name="grape" time="0.004"/>
  <testcase classname="com.runner.Grouping" name="mango" time="0.002"/>
  <testcase classname="com.runner.Grouping" name="rose" time="0.001"/>
  <testcase classname="com.runner.Grouping" name="sunflower" time="0.002"/>
  <testcase classname="com.runner.Facebookrunner" name="apple" time="0.002"/>
  <testcase classname="com.runner.Facebookrunner" name="banana" time="0.003"/>
  <testcase classname="com.runner.Facebookrunner" name="grapes" time="0.003"/>
  <testcase classname="com.runner.DependsOnMethod" name="login" time="0.002"/>
  <testcase classname="com.runner.DependsOnMethod" name="productsearch" time="0.001"/>
  <testcase classname="com.runner.DependsOnMethod" name="addtocart" time="0.002"/>
</testsuite> <!-- Test -->
