<?xml version="1.0" encoding="UTF-8"?>
<testng-results ignored="0" total="13" passed="13" failed="0" skipped="0">
  <reporter-output>
  </reporter-output>
  <suite started-at="2026-03-05T15:54:10 IST" name="Suite" finished-at="2026-03-05T15:54:10 IST" duration-ms="129">
    <groups>
      <group name="fruits">
        <method signature="Grouping.mango()[pri:0, instance:com.runner.Grouping@7dcf94f8]" name="mango" class="com.runner.Grouping"/>
      </group> <!-- fruits -->
      <group name="fruit">
        <method signature="Grouping.grape()[pri:0, instance:com.runner.Grouping@7dcf94f8]" name="grape" class="com.runner.Grouping"/>
      </group> <!-- fruit -->
      <group name="flower">
        <method signature="Grouping.rose()[pri:0, instance:com.runner.Grouping@7dcf94f8]" name="rose" class="com.runner.Grouping"/>
        <method signature="Grouping.sunflower()[pri:0, instance:com.runner.Grouping@7dcf94f8]" name="sunflower" class="com.runner.Grouping"/>
      </group> <!-- flower -->
    </groups>
    <test started-at="2026-03-05T15:54:10 IST" name="Test" finished-at="2026-03-05T15:54:10 IST" duration-ms="129">
      <class name="com.runner.Grouping">
        <test-method signature="grape()[pri:0, instance:com.runner.Grouping@7dcf94f8]" started-at="2026-03-05T15:54:10 IST" name="grape" finished-at="2026-03-05T15:54:10 IST" duration-ms="4" status="PASS">
          <reporter-output>
          </reporter-output>
        </test-method> <!-- grape -->
        <test-method signature="mango()[pri:0, instance:com.runner.Grouping@7dcf94f8]" started-at="2026-03-05T15:54:10 IST" name="mango" finished-at="2026-03-05T15:54:10 IST" duration-ms="2" status="PASS">
          <reporter-output>
          </reporter-output>
        </test-method> <!-- mango -->
        <test-method signature="rose()[pri:0, instance:com.runner.Grouping@7dcf94f8]" started-at="2026-03-05T15:54:10 IST" name="rose" finished-at="2026-03-05T15:54:10 IST" duration-ms="1" status="PASS">
          <reporter-output>
          </reporter-output>
        </test-method> <!-- rose -->
        <test-method signature="sunflower()[pri:0, instance:com.runner.Grouping@7dcf94f8]" started-at="2026-03-05T15:54:10 IST" name="sunflower" finished-at="2026-03-05T15:54:10 IST" duration-ms="2" status="PASS">
          <reporter-output>
          </reporter-output>
        </test-method> <!-- sunflower -->
      </class> <!-- com.runner.Grouping -->
      <class name="com.runner.Innovationcount">
        <test-method signature="login()[pri:0, instance:com.runner.Innovationcount@10683d9d]" started-at="2026-03-05T15:54:10 IST" name="login" finished-at="2026-03-05T15:54:10 IST" duration-ms="12" status="PASS">
          <reporter-output>
          </reporter-output>
        </test-method> <!-- login -->
        <test-method signature="login()[pri:0, instance:com.runner.Innovationcount@10683d9d]" started-at="2026-03-05T15:54:10 IST" name="login" finished-at="2026-03-05T15:54:10 IST" duration-ms="1" status="PASS">
          <reporter-output>
          </reporter-output>
        </test-method> <!-- login -->
        <test-method signature="login()[pri:0, instance:com.runner.Innovationcount@10683d9d]" started-at="2026-03-05T15:54:10 IST" name="login" finished-at="2026-03-05T15:54:10 IST" duration-ms="2" status="PASS">
          <reporter-output>
          </reporter-output>
        </test-method> <!-- login -->
      </class> <!-- com.runner.Innovationcount -->
      <class name="com.runner.Facebookrunner">
        <test-method signature="apple()[pri:0, instance:com.runner.Facebookrunner@229f66ed]" started-at="2026-03-05T15:54:10 IST" name="apple" finished-at="2026-03-05T15:54:10 IST" duration-ms="2" status="PASS">
          <reporter-output>
          </reporter-output>
        </test-method> <!-- apple -->
        <test-method signature="banana()[pri:0, instance:com.runner.Facebookrunner@229f66ed]" started-at="2026-03-05T15:54:10 IST" name="banana" finished-at="2026-03-05T15:54:10 IST" duration-ms="3" status="PASS">
          <reporter-output>
          </reporter-output>
        </test-method> <!-- banana -->
        <test-method signature="grapes()[pri:0, instance:com.runner.Facebookrunner@229f66ed]" started-at="2026-03-05T15:54:10 IST" name="grapes" finished-at="2026-03-05T15:54:10 IST" duration-ms="3" status="PASS">
          <reporter-output>
          </reporter-output>
        </test-method> <!-- grapes -->
      </class> <!-- com.runner.Facebookrunner -->
      <class name="com.runner.DependsOnMethod">
        <test-method signature="login()[pri:0, instance:com.runner.DependsOnMethod@6743e411]" started-at="2026-03-05T15:54:10 IST" name="login" finished-at="2026-03-05T15:54:10 IST" duration-ms="2" status="PASS">
          <reporter-output>
          </reporter-output>
        </test-method> <!-- login -->
        <test-method signature="productsearch()[pri:0, instance:com.runner.DependsOnMethod@6743e411]" started-at="2026-03-05T15:54:10 IST" name="productsearch" finished-at="2026-03-05T15:54:10 IST" depends-on-methods="com.runner.DependsOnMethod.login" duration-ms="1" status="PASS">
          <reporter-output>
          </reporter-output>
        </test-method> <!-- productsearch -->
        <test-method signature="addtocart()[pri:0, instance:com.runner.DependsOnMethod@6743e411]" started-at="2026-03-05T15:54:10 IST" name="addtocart" finished-at="2026-03-05T15:54:10 IST" depends-on-methods="com.runner.DependsOnMethod.productsearch" duration-ms="2" status="PASS">
          <reporter-output>
          </reporter-output>
        </test-method> <!-- addtocart -->
      </class> <!-- com.runner.DependsOnMethod -->
    </test> <!-- Test -->
  </suite> <!-- Suite -->
</testng-results>
