<?xml version="1.0" encoding="UTF-8"?>
<!-- Generated by org.testng.reporters.JUnitReportReporter -->
<testsuite hostname="DESKTOP-1Q9U8II" failures="0" tests="3" name="com.runner.DependsOnMethod" time="0.005" errors="0" timestamp="2026-03-05T15:54:11 IST" skipped="0">
  <testcase classname="com.runner.DependsOnMethod" name="addtocart" time="0.002"/>
  <testcase classname="com.runner.DependsOnMethod" name="login" time="0.002"/>
  <testcase classname="com.runner.DependsOnMethod" name="productsearch" time="0.001"/>
</testsuite> <!-- com.runner.DependsOnMethod -->
