<?xml version="1.0" encoding="UTF-8"?>
<!-- Generated by org.testng.reporters.JUnitReportReporter -->
<testsuite hostname="DESKTOP-1Q9U8II" failures="0" tests="4" name="com.runner.Grouping" time="0.009" errors="0" timestamp="2026-03-05T15:54:11 IST" skipped="0">
  <testcase classname="com.runner.Grouping" name="grape" time="0.004"/>
  <testcase classname="com.runner.Grouping" name="sunflower" time="0.002"/>
  <testcase classname="com.runner.Grouping" name="mango" time="0.002"/>
  <testcase classname="com.runner.Grouping" name="rose" time="0.001"/>
</testsuite> <!-- com.runner.Grouping -->
