<?xml version="1.0" encoding="UTF-8"?>
<!-- Generated by org.testng.reporters.JUnitReportReporter -->
<testsuite hostname="DESKTOP-1Q9U8II" failures="0" tests="3" name="com.runner.Facebookrunner" time="0.008" errors="0" timestamp="2026-03-05T15:54:11 IST" skipped="0">
  <testcase classname="com.runner.Facebookrunner" name="apple" time="0.002"/>
  <testcase classname="com.runner.Facebookrunner" name="banana" time="0.003"/>
  <testcase classname="com.runner.Facebookrunner" name="grapes" time="0.003"/>
</testsuite> <!-- com.runner.Facebookrunner -->
